2025-09-07 17:05:41,120 - sqlalchemy.engine.Engine - INFO - select pg_catalog.version()
2025-09-07 17:05:41,121 - sqlalchemy.engine.Engine - INFO - [raw sql] ()
2025-09-07 17:05:41,162 - sqlalchemy.engine.Engine - INFO - select current_schema()
2025-09-07 17:05:41,162 - sqlalchemy.engine.Engine - INFO - [raw sql] ()
2025-09-07 17:05:41,180 - sqlalchemy.engine.Engine - INFO - show standard_conforming_strings
2025-09-07 17:05:41,181 - sqlalchemy.engine.Engine - INFO - [raw sql] ()
2025-09-07 17:05:41,182 - sqlalchemy.engine.Engine - INFO - BEGIN (implicit)
2025-09-07 17:05:41,185 - sqlalchemy.engine.Engine - INFO - SELECT pg_catalog.pg_class.relname 
FROM pg_catalog.pg_class JOIN pg_catalog.pg_namespace ON pg_catalog.pg_namespace.oid = pg_catalog.pg_class.relnamespace 
WHERE pg_catalog.pg_class.relname = $1::VARCHAR AND pg_catalog.pg_class.relkind = ANY (ARRAY[$2::VARCHAR, $3::VARCHAR, $4::VARCHAR, $5::VARCHAR, $6::VARCHAR]) AND pg_catalog.pg_table_is_visible(pg_catalog.pg_class.oid) AND pg_catalog.pg_namespace.nspname != $7::VARCHAR
2025-09-07 17:05:41,185 - sqlalchemy.engine.Engine - INFO - [generated in 0.00054s] ('users', 'r', 'p', 'f', 'v', 'm', 'pg_catalog')
2025-09-07 17:05:41,525 - sqlalchemy.engine.Engine - INFO - SELECT pg_catalog.pg_class.relname 
FROM pg_catalog.pg_class JOIN pg_catalog.pg_namespace ON pg_catalog.pg_namespace.oid = pg_catalog.pg_class.relnamespace 
WHERE pg_catalog.pg_class.relname = $1::VARCHAR AND pg_catalog.pg_class.relkind = ANY (ARRAY[$2::VARCHAR, $3::VARCHAR, $4::VARCHAR, $5::VARCHAR, $6::VARCHAR]) AND pg_catalog.pg_table_is_visible(pg_catalog.pg_class.oid) AND pg_catalog.pg_namespace.nspname != $7::VARCHAR
2025-09-07 17:05:41,525 - sqlalchemy.engine.Engine - INFO - [cached since 0.3405s ago] ('products', 'r', 'p', 'f', 'v', 'm', 'pg_catalog')
2025-09-07 17:05:41,526 - sqlalchemy.engine.Engine - INFO - SELECT pg_catalog.pg_class.relname 
FROM pg_catalog.pg_class JOIN pg_catalog.pg_namespace ON pg_catalog.pg_namespace.oid = pg_catalog.pg_class.relnamespace 
WHERE pg_catalog.pg_class.relname = $1::VARCHAR AND pg_catalog.pg_class.relkind = ANY (ARRAY[$2::VARCHAR, $3::VARCHAR, $4::VARCHAR, $5::VARCHAR, $6::VARCHAR]) AND pg_catalog.pg_table_is_visible(pg_catalog.pg_class.oid) AND pg_catalog.pg_namespace.nspname != $7::VARCHAR
2025-09-07 17:05:41,526 - sqlalchemy.engine.Engine - INFO - [cached since 0.3416s ago] ('orders', 'r', 'p', 'f', 'v', 'm', 'pg_catalog')
2025-09-07 17:05:41,527 - sqlalchemy.engine.Engine - INFO - SELECT pg_catalog.pg_class.relname 
FROM pg_catalog.pg_class JOIN pg_catalog.pg_namespace ON pg_catalog.pg_namespace.oid = pg_catalog.pg_class.relnamespace 
WHERE pg_catalog.pg_class.relname = $1::VARCHAR AND pg_catalog.pg_class.relkind = ANY (ARRAY[$2::VARCHAR, $3::VARCHAR, $4::VARCHAR, $5::VARCHAR, $6::VARCHAR]) AND pg_catalog.pg_table_is_visible(pg_catalog.pg_class.oid) AND pg_catalog.pg_namespace.nspname != $7::VARCHAR
2025-09-07 17:05:41,527 - sqlalchemy.engine.Engine - INFO - [cached since 0.3425s ago] ('order_items', 'r', 'p', 'f', 'v', 'm', 'pg_catalog')
2025-09-07 17:05:41,528 - sqlalchemy.engine.Engine - INFO - SELECT pg_catalog.pg_class.relname 
FROM pg_catalog.pg_class JOIN pg_catalog.pg_namespace ON pg_catalog.pg_namespace.oid = pg_catalog.pg_class.relnamespace 
WHERE pg_catalog.pg_class.relname = $1::VARCHAR AND pg_catalog.pg_class.relkind = ANY (ARRAY[$2::VARCHAR, $3::VARCHAR, $4::VARCHAR, $5::VARCHAR, $6::VARCHAR]) AND pg_catalog.pg_table_is_visible(pg_catalog.pg_class.oid) AND pg_catalog.pg_namespace.nspname != $7::VARCHAR
2025-09-07 17:05:41,528 - sqlalchemy.engine.Engine - INFO - [cached since 0.3434s ago] ('reviews', 'r', 'p', 'f', 'v', 'm', 'pg_catalog')
2025-09-07 17:05:41,529 - sqlalchemy.engine.Engine - INFO - SELECT pg_catalog.pg_class.relname 
FROM pg_catalog.pg_class JOIN pg_catalog.pg_namespace ON pg_catalog.pg_namespace.oid = pg_catalog.pg_class.relnamespace 
WHERE pg_catalog.pg_class.relname = $1::VARCHAR AND pg_catalog.pg_class.relkind = ANY (ARRAY[$2::VARCHAR, $3::VARCHAR, $4::VARCHAR, $5::VARCHAR, $6::VARCHAR]) AND pg_catalog.pg_table_is_visible(pg_catalog.pg_class.oid) AND pg_catalog.pg_namespace.nspname != $7::VARCHAR
2025-09-07 17:05:41,529 - sqlalchemy.engine.Engine - INFO - [cached since 0.3442s ago] ('canvases', 'r', 'p', 'f', 'v', 'm', 'pg_catalog')
2025-09-07 17:05:41,530 - sqlalchemy.engine.Engine - INFO - SELECT pg_catalog.pg_class.relname 
FROM pg_catalog.pg_class JOIN pg_catalog.pg_namespace ON pg_catalog.pg_namespace.oid = pg_catalog.pg_class.relnamespace 
WHERE pg_catalog.pg_class.relname = $1::VARCHAR AND pg_catalog.pg_class.relkind = ANY (ARRAY[$2::VARCHAR, $3::VARCHAR, $4::VARCHAR, $5::VARCHAR, $6::VARCHAR]) AND pg_catalog.pg_table_is_visible(pg_catalog.pg_class.oid) AND pg_catalog.pg_namespace.nspname != $7::VARCHAR
2025-09-07 17:05:41,530 - sqlalchemy.engine.Engine - INFO - [cached since 0.3452s ago] ('qrcodes', 'r', 'p', 'f', 'v', 'm', 'pg_catalog')
2025-09-07 17:05:41,531 - sqlalchemy.engine.Engine - INFO - SELECT pg_catalog.pg_class.relname 
FROM pg_catalog.pg_class JOIN pg_catalog.pg_namespace ON pg_catalog.pg_namespace.oid = pg_catalog.pg_class.relnamespace 
WHERE pg_catalog.pg_class.relname = $1::VARCHAR AND pg_catalog.pg_class.relkind = ANY (ARRAY[$2::VARCHAR, $3::VARCHAR, $4::VARCHAR, $5::VARCHAR, $6::VARCHAR]) AND pg_catalog.pg_table_is_visible(pg_catalog.pg_class.oid) AND pg_catalog.pg_namespace.nspname != $7::VARCHAR
2025-09-07 17:05:41,531 - sqlalchemy.engine.Engine - INFO - [cached since 0.3462s ago] ('faqs', 'r', 'p', 'f', 'v', 'm', 'pg_catalog')
2025-09-07 17:05:41,532 - sqlalchemy.engine.Engine - INFO - COMMIT
2025-09-07 17:05:41,533 - sqlalchemy.engine.Engine - INFO - BEGIN (implicit)
2025-09-07 17:05:41,535 - sqlalchemy.engine.Engine - INFO - SELECT users.id, users.username, users.email, users.hashed_password, users.role_id, users.is_active, users.is_superuser, users.is_verified 
FROM users 
WHERE users.is_superuser = true
2025-09-07 17:05:41,535 - sqlalchemy.engine.Engine - INFO - [generated in 0.00027s] ()
2025-09-07 17:05:41,635 - sqlalchemy.engine.Engine - INFO - SELECT orders.user_id AS orders_user_id, orders.id AS orders_id, orders.created_at AS orders_created_at, orders.status AS orders_status 
FROM orders 
WHERE orders.user_id IN ($1::INTEGER)
2025-09-07 17:05:41,635 - sqlalchemy.engine.Engine - INFO - [generated in 0.00045s] (1,)
2025-09-07 17:05:41,653 - sqlalchemy.engine.Engine - INFO - ROLLBACK
2025-09-07 17:05:41,655 - sqlalchemy.engine.Engine - INFO - BEGIN (implicit)
2025-09-07 17:05:41,656 - sqlalchemy.engine.Engine - INFO - SELECT products.id, products.type, products.size, products.color, products.description 
FROM products 
WHERE products.type = $1::VARCHAR AND products.size = $2::VARCHAR AND products.color = $3::VARCHAR
2025-09-07 17:05:41,657 - sqlalchemy.engine.Engine - INFO - [generated in 0.00031s] ('Футболка', 'M', 'Белый')
2025-09-07 17:05:41,715 - sqlalchemy.engine.Engine - INFO - ROLLBACK
